<?xml version="1.0" encoding="UTF-8"?>
<!-- Generated by org.testng.reporters.JUnitReportReporter -->
<testsuite skipped="0" hostname="LP-5CD6518TRT" name="test.testAnnotation" tests="1" failures="0" timestamp="08 Jul 2018 05:53:47 GMT" time="0.007" errors="0">
  <testcase name="a" time="0.007" classname="test.testAnnotation"/>
</testsuite> <!-- test.testAnnotation -->
