<?xml version="1.0" encoding="UTF-8"?>
<!-- Generated by org.testng.reporters.JUnitReportReporter -->
<testsuite skipped="3" hostname="LP-5CD6518TRT" name="test.Skipping.TestSkipping" tests="3" failures="0" timestamp="17 Jul 2018 06:52:38 GMT" time="0.000" errors="0">
  <testcase name="a" time="0.000" classname="test.Skipping.TestSkipping">
    <skipped/>
  </testcase> <!-- a -->
  <testcase name="c" time="0.000" classname="test.Skipping.TestSkipping">
    <skipped/>
  </testcase> <!-- c -->
  <testcase name="b" classname="test.Skipping.TestSkipping">
    <skipped/>
  </testcase> <!-- b -->
</testsuite> <!-- test.Skipping.TestSkipping -->
