<?xml version="1.0" encoding="UTF-8"?>
<!-- Generated by org.testng.reporters.JUnitReportReporter -->
<testsuite skipped="0" hostname="LP-5CD6518TRT" name="test.dependency.TestDependency" tests="3" failures="0" timestamp="17 Jul 2018 06:10:42 GMT" time="0.014" errors="0">
  <testcase name="openLoginPage" time="0.010" classname="test.dependency.TestDependency"/>
  <testcase name="signIn" time="0.002" classname="test.dependency.TestDependency"/>
  <testcase name="logOut" time="0.002" classname="test.dependency.TestDependency"/>
</testsuite> <!-- test.dependency.TestDependency -->
